This file contains any messages produced by compilers while
running configure, to aid debugging if configure makes a mistake.

It was created by configure, which was
generated by GNU Autoconf 2.69.  Invocation command line was

  $ ./configure 

## --------- ##
## Platform. ##
## --------- ##

hostname = 80XL
uname -m = x86_64
uname -r = 4.4.0-17134-Microsoft
uname -s = Linux
uname -v = #137-Microsoft Thu Jun 14 18:46:00 PST 2018

/usr/bin/uname -p = unknown
/bin/uname -X     = unknown

/bin/arch              = unknown
/usr/bin/arch -k       = unknown
/usr/convex/getsysinfo = unknown
/usr/bin/hostinfo      = unknown
/bin/machine           = unknown
/usr/bin/oslevel       = unknown
/bin/universe          = unknown

PATH: /usr/local/sbin
PATH: /usr/local/bin
PATH: /usr/sbin
PATH: /usr/bin
PATH: /sbin
PATH: /bin
PATH: /usr/games
PATH: /usr/local/games
PATH: /mnt/c/Windows
PATH: /mnt/c/Windows
PATH: /mnt/c/Python27
PATH: /mnt/c/Python27/Scripts
PATH: /mnt/c/Program Files (x86)/Common Files/Oracle/Java/javapath_target_1808937
PATH: /mnt/c/Windows/System32
PATH: /mnt/c/Windows
PATH: /mnt/c/Windows/System32/wbem
PATH: /mnt/c/Windows/System32/WindowsPowerShell/v1.0
PATH: /mnt/c/Windows/System32/OpenSSH
PATH: /mnt/c/Program Files (x86)/NVIDIA Corporation/PhysX/Common
PATH: /mnt/c/Users/Jairus/AppData/Local/Microsoft/WindowsApps
PATH: /mnt/c/adb
PATH: /mnt/c/Users/Jairus/AppData/Local/Microsoft/WindowsApps
PATH: /snap/bin


## ----------- ##
## Core tests. ##
## ----------- ##

configure:2244: configuring ccache
configure:2283: checking build system type
configure:2297: result: x86_64-pc-linux-gnu
configure:2317: checking host system type
configure:2330: result: x86_64-pc-linux-gnu
configure:2585: checking for gcc
configure:2601: found /usr/bin/gcc
configure:2612: result: gcc
configure:2841: checking for C compiler version
configure:2850: gcc --version >&5
gcc (Ubuntu 5.4.0-6ubuntu1~16.04.10) 5.4.0 20160609
Copyright (C) 2015 Free Software Foundation, Inc.
This is free software; see the source for copying conditions.  There is NO
warranty; not even for MERCHANTABILITY or FITNESS FOR A PARTICULAR PURPOSE.

configure:2861: $? = 0
configure:2850: gcc -v >&5
Using built-in specs.
COLLECT_GCC=gcc
COLLECT_LTO_WRAPPER=/usr/lib/gcc/x86_64-linux-gnu/5/lto-wrapper
Target: x86_64-linux-gnu
Configured with: ../src/configure -v --with-pkgversion='Ubuntu 5.4.0-6ubuntu1~16.04.10' --with-bugurl=file:///usr/share/doc/gcc-5/README.Bugs --enable-languages=c,ada,c++,java,go,d,fortran,objc,obj-c++ --prefix=/usr --program-suffix=-5 --enable-shared --enable-linker-build-id --libexecdir=/usr/lib --without-included-gettext --enable-threads=posix --libdir=/usr/lib --enable-nls --with-sysroot=/ --enable-clocale=gnu --enable-libstdcxx-debug --enable-libstdcxx-time=yes --with-default-libstdcxx-abi=new --enable-gnu-unique-object --disable-vtable-verify --enable-libmpx --enable-plugin --with-system-zlib --disable-browser-plugin --enable-java-awt=gtk --enable-gtk-cairo --with-java-home=/usr/lib/jvm/java-1.5.0-gcj-5-amd64/jre --enable-java-home --with-jvm-root-dir=/usr/lib/jvm/java-1.5.0-gcj-5-amd64 --with-jvm-jar-dir=/usr/lib/jvm-exports/java-1.5.0-gcj-5-amd64 --with-arch-directory=amd64 --with-ecj-jar=/usr/share/java/eclipse-ecj.jar --enable-objc-gc --enable-multiarch --disable-werror --with-arch-32=i686 --with-abi=m64 --with-multilib-list=m32,m64,mx32 --enable-multilib --with-tune=generic --enable-checking=release --build=x86_64-linux-gnu --host=x86_64-linux-gnu --target=x86_64-linux-gnu
Thread model: posix
gcc version 5.4.0 20160609 (Ubuntu 5.4.0-6ubuntu1~16.04.10) 
configure:2861: $? = 0
configure:2850: gcc -V >&5
gcc: error: unrecognized command line option '-V'
gcc: fatal error: no input files
compilation terminated.
configure:2861: $? = 1
configure:2850: gcc -qversion >&5
gcc: error: unrecognized command line option '-qversion'
gcc: fatal error: no input files
compilation terminated.
configure:2861: $? = 1
configure:2881: checking whether the C compiler works
configure:2903: gcc    conftest.c  >&5
configure:2907: $? = 0
configure:2955: result: yes
configure:2958: checking for C compiler default output file name
configure:2960: result: a.out
configure:2966: checking for suffix of executables
configure:2973: gcc -o conftest    conftest.c  >&5
configure:2977: $? = 0
configure:2999: result: 
configure:3021: checking whether we are cross compiling
configure:3029: gcc -o conftest    conftest.c  >&5
configure:3033: $? = 0
configure:3040: ./conftest
configure:3044: $? = 0
configure:3059: result: no
configure:3064: checking for suffix of object files
configure:3086: gcc -c   conftest.c >&5
configure:3090: $? = 0
configure:3111: result: o
configure:3115: checking whether we are using the GNU C compiler
configure:3134: gcc -c   conftest.c >&5
configure:3134: $? = 0
configure:3143: result: yes
configure:3152: checking whether gcc accepts -g
configure:3172: gcc -c -g  conftest.c >&5
configure:3172: $? = 0
configure:3213: result: yes
configure:3230: checking for gcc option to accept ISO C89
configure:3293: gcc  -c -g -O2  conftest.c >&5
configure:3293: $? = 0
configure:3306: result: none needed
configure:3326: checking whether we are using the clang C compiler
configure:3345: gcc -c -g -O2  conftest.c >&5
conftest.c: In function 'main':
conftest.c:22:8: error: unknown type name 'choke'
        choke me
        ^
configure:3345: $? = 1
configure: failed program was:
| /* confdefs.h */
| #define PACKAGE_NAME ""
| #define PACKAGE_TARNAME ""
| #define PACKAGE_VERSION ""
| #define PACKAGE_STRING ""
| #define PACKAGE_BUGREPORT ""
| #define PACKAGE_URL ""
| #define _GNU_SOURCE 1
| #define _NETBSD_SOURCE 1
| #define __BSD_VISIBLE 1
| #define _BSD_TYPES 1
| #define _DARWIN_C_SOURCE 1
| #define _XOPEN_SOURCE 700
| #define _XOPEN_SOURCE_EXTENDED 1
| #define _POSIX_C_SOURCE 200809L
| /* end confdefs.h.  */
| 
| int
| main ()
| {
| #ifndef __clang__
|        choke me
| #endif
| 
|   ;
|   return 0;
| }
configure:3354: result: no
configure:3356: checking for gcc option to accept ISO C99
configure:3505: gcc  -c -g -O2  conftest.c >&5
configure:3505: $? = 0
configure:3518: result: none needed
configure:3542: checking how to run the C preprocessor
configure:3573: gcc -E  conftest.c
configure:3573: $? = 0
configure:3587: gcc -E  conftest.c
conftest.c:17:28: fatal error: ac_nonexistent.h: No such file or directory
compilation terminated.
configure:3587: $? = 1
configure: failed program was:
| /* confdefs.h */
| #define PACKAGE_NAME ""
| #define PACKAGE_TARNAME ""
| #define PACKAGE_VERSION ""
| #define PACKAGE_STRING ""
| #define PACKAGE_BUGREPORT ""
| #define PACKAGE_URL ""
| #define _GNU_SOURCE 1
| #define _NETBSD_SOURCE 1
| #define __BSD_VISIBLE 1
| #define _BSD_TYPES 1
| #define _DARWIN_C_SOURCE 1
| #define _XOPEN_SOURCE 700
| #define _XOPEN_SOURCE_EXTENDED 1
| #define _POSIX_C_SOURCE 200809L
| /* end confdefs.h.  */
| #include <ac_nonexistent.h>
configure:3612: result: gcc -E
configure:3632: gcc -E  conftest.c
configure:3632: $? = 0
configure:3646: gcc -E  conftest.c
conftest.c:17:28: fatal error: ac_nonexistent.h: No such file or directory
compilation terminated.
configure:3646: $? = 1
configure: failed program was:
| /* confdefs.h */
| #define PACKAGE_NAME ""
| #define PACKAGE_TARNAME ""
| #define PACKAGE_VERSION ""
| #define PACKAGE_STRING ""
| #define PACKAGE_BUGREPORT ""
| #define PACKAGE_URL ""
| #define _GNU_SOURCE 1
| #define _NETBSD_SOURCE 1
| #define __BSD_VISIBLE 1
| #define _BSD_TYPES 1
| #define _DARWIN_C_SOURCE 1
| #define _XOPEN_SOURCE 700
| #define _XOPEN_SOURCE_EXTENDED 1
| #define _POSIX_C_SOURCE 200809L
| /* end confdefs.h.  */
| #include <ac_nonexistent.h>
configure:3688: checking for a BSD-compatible install
configure:3756: result: /usr/bin/install -c
configure:3810: checking for ranlib
configure:3826: found /usr/bin/ranlib
configure:3837: result: ranlib
configure:3902: checking for ar
configure:3918: found /usr/bin/ar
configure:3929: result: ar
configure:4002: checking for bash
configure:4032: result: /bin/bash
configure:4081: checking for dirent.h that defines DIR
configure:4100: gcc -c -g -O2 -Wall -W  conftest.c >&5
configure:4100: $? = 0
configure:4108: result: yes
configure:4121: checking for library containing opendir
configure:4152: gcc -o conftest -g -O2 -Wall -W   conftest.c  >&5
configure:4152: $? = 0
configure:4169: result: none required
configure:4236: checking whether time.h and sys/time.h may both be included
configure:4256: gcc -c -g -O2 -Wall -W  conftest.c >&5
configure:4256: $? = 0
configure:4263: result: yes
configure:4271: checking for sys/wait.h that is POSIX.1 compatible
configure:4297: gcc -c -g -O2 -Wall -W  conftest.c >&5
configure:4297: $? = 0
configure:4304: result: yes
configure:4314: checking for grep that handles long lines and -e
configure:4372: result: /bin/grep
configure:4377: checking for egrep
configure:4439: result: /bin/grep -E
configure:4444: checking for ANSI C header files
configure:4464: gcc -c -g -O2 -Wall -W  conftest.c >&5
configure:4464: $? = 0
configure:4537: gcc -o conftest -g -O2 -Wall -W   conftest.c  >&5
configure:4537: $? = 0
configure:4537: ./conftest
configure:4537: $? = 0
configure:4548: result: yes
configure:4561: checking for sys/types.h
configure:4561: gcc -c -g -O2 -Wall -W  conftest.c >&5
configure:4561: $? = 0
configure:4561: result: yes
configure:4561: checking for sys/stat.h
configure:4561: gcc -c -g -O2 -Wall -W  conftest.c >&5
configure:4561: $? = 0
configure:4561: result: yes
configure:4561: checking for stdlib.h
configure:4561: gcc -c -g -O2 -Wall -W  conftest.c >&5
configure:4561: $? = 0
configure:4561: result: yes
configure:4561: checking for string.h
configure:4561: gcc -c -g -O2 -Wall -W  conftest.c >&5
configure:4561: $? = 0
configure:4561: result: yes
configure:4561: checking for memory.h
configure:4561: gcc -c -g -O2 -Wall -W  conftest.c >&5
configure:4561: $? = 0
configure:4561: result: yes
configure:4561: checking for strings.h
configure:4561: gcc -c -g -O2 -Wall -W  conftest.c >&5
configure:4561: $? = 0
configure:4561: result: yes
configure:4561: checking for inttypes.h
configure:4561: gcc -c -g -O2 -Wall -W  conftest.c >&5
configure:4561: $? = 0
configure:4561: result: yes
configure:4561: checking for stdint.h
configure:4561: gcc -c -g -O2 -Wall -W  conftest.c >&5
configure:4561: $? = 0
configure:4561: result: yes
configure:4561: checking for unistd.h
configure:4561: gcc -c -g -O2 -Wall -W  conftest.c >&5
configure:4561: $? = 0
configure:4561: result: yes
configure:4573: checking for long long
configure:4573: gcc -c -g -O2 -Wall -W  conftest.c >&5
configure:4573: $? = 0
configure:4573: gcc -c -g -O2 -Wall -W  conftest.c >&5
conftest.c: In function 'main':
conftest.c:66:24: error: expected expression before ')' token
 if (sizeof ((long long)))
                        ^
configure:4573: $? = 1
configure: failed program was:
| /* confdefs.h */
| #define PACKAGE_NAME ""
| #define PACKAGE_TARNAME ""
| #define PACKAGE_VERSION ""
| #define PACKAGE_STRING ""
| #define PACKAGE_BUGREPORT ""
| #define PACKAGE_URL ""
| #define _GNU_SOURCE 1
| #define _NETBSD_SOURCE 1
| #define __BSD_VISIBLE 1
| #define _BSD_TYPES 1
| #define _DARWIN_C_SOURCE 1
| #define _XOPEN_SOURCE 700
| #define _XOPEN_SOURCE_EXTENDED 1
| #define _POSIX_C_SOURCE 200809L
| #define HAVE_DIRENT_H 1
| #define TIME_WITH_SYS_TIME 1
| #define HAVE_SYS_WAIT_H 1
| #define STDC_HEADERS 1
| #define HAVE_SYS_TYPES_H 1
| #define HAVE_SYS_STAT_H 1
| #define HAVE_STDLIB_H 1
| #define HAVE_STRING_H 1
| #define HAVE_MEMORY_H 1
| #define HAVE_STRINGS_H 1
| #define HAVE_INTTYPES_H 1
| #define HAVE_STDINT_H 1
| #define HAVE_UNISTD_H 1
| /* end confdefs.h.  */
| #include <stdio.h>
| #ifdef HAVE_SYS_TYPES_H
| # include <sys/types.h>
| #endif
| #ifdef HAVE_SYS_STAT_H
| # include <sys/stat.h>
| #endif
| #ifdef STDC_HEADERS
| # include <stdlib.h>
| # include <stddef.h>
| #else
| # ifdef HAVE_STDLIB_H
| #  include <stdlib.h>
| # endif
| #endif
| #ifdef HAVE_STRING_H
| # if !defined STDC_HEADERS && defined HAVE_MEMORY_H
| #  include <memory.h>
| # endif
| # include <string.h>
| #endif
| #ifdef HAVE_STRINGS_H
| # include <strings.h>
| #endif
| #ifdef HAVE_INTTYPES_H
| # include <inttypes.h>
| #endif
| #ifdef HAVE_STDINT_H
| # include <stdint.h>
| #endif
| #ifdef HAVE_UNISTD_H
| # include <unistd.h>
| #endif
| int
| main ()
| {
| if (sizeof ((long long)))
| 	    return 0;
|   ;
|   return 0;
| }
configure:4573: result: yes
configure:4587: checking ctype.h usability
configure:4587: gcc -c -g -O2 -Wall -W  conftest.c >&5
configure:4587: $? = 0
configure:4587: result: yes
configure:4587: checking ctype.h presence
configure:4587: gcc -E  conftest.c
configure:4587: $? = 0
configure:4587: result: yes
configure:4587: checking for ctype.h
configure:4587: result: yes
configure:4587: checking pwd.h usability
configure:4587: gcc -c -g -O2 -Wall -W  conftest.c >&5
configure:4587: $? = 0
configure:4587: result: yes
configure:4587: checking pwd.h presence
configure:4587: gcc -E  conftest.c
configure:4587: $? = 0
configure:4587: result: yes
configure:4587: checking for pwd.h
configure:4587: result: yes
configure:4587: checking for stdlib.h
configure:4587: result: yes
configure:4587: checking for string.h
configure:4587: result: yes
configure:4587: checking for strings.h
configure:4587: result: yes
configure:4587: checking sys/time.h usability
configure:4587: gcc -c -g -O2 -Wall -W  conftest.c >&5
configure:4587: $? = 0
configure:4587: result: yes
configure:4587: checking sys/time.h presence
configure:4587: gcc -E  conftest.c
configure:4587: $? = 0
configure:4587: result: yes
configure:4587: checking for sys/time.h
configure:4587: result: yes
configure:4587: checking sys/mman.h usability
configure:4587: gcc -c -g -O2 -Wall -W  conftest.c >&5
configure:4587: $? = 0
configure:4587: result: yes
configure:4587: checking sys/mman.h presence
configure:4587: gcc -E  conftest.c
configure:4587: $? = 0
configure:4587: result: yes
configure:4587: checking for sys/mman.h
configure:4587: result: yes
configure:4599: checking termios.h usability
configure:4599: gcc -c -g -O2 -Wall -W  conftest.c >&5
configure:4599: $? = 0
configure:4599: result: yes
configure:4599: checking termios.h presence
configure:4599: gcc -E  conftest.c
configure:4599: $? = 0
configure:4599: result: yes
configure:4599: checking for termios.h
configure:4599: result: yes
configure:4612: checking for gethostname
configure:4612: gcc -o conftest -g -O2 -Wall -W   conftest.c  >&5
configure:4612: $? = 0
configure:4612: result: yes
configure:4623: checking for getopt_long
configure:4623: gcc -o conftest -g -O2 -Wall -W   conftest.c  >&5
configure:4623: $? = 0
configure:4623: result: yes
configure:4634: checking for getpwuid
configure:4634: gcc -o conftest -g -O2 -Wall -W   conftest.c  >&5
configure:4634: $? = 0
configure:4634: result: yes
configure:4645: checking for gettimeofday
configure:4645: gcc -o conftest -g -O2 -Wall -W   conftest.c  >&5
configure:4645: $? = 0
configure:4645: result: yes
configure:4656: checking for mkstemp
configure:4656: gcc -o conftest -g -O2 -Wall -W   conftest.c  >&5
configure:4656: $? = 0
configure:4656: result: yes
configure:4667: checking for realpath
configure:4667: gcc -o conftest -g -O2 -Wall -W   conftest.c  >&5
configure:4667: $? = 0
configure:4667: result: yes
configure:4678: checking for strndup
configure:4678: gcc -o conftest -g -O2 -Wall -W   conftest.c  >&5
conftest.c:68:6: warning: conflicting types for built-in function 'strndup'
 char strndup ();
      ^
configure:4678: $? = 0
configure:4678: result: yes
configure:4689: checking for strtok_r
configure:4689: gcc -o conftest -g -O2 -Wall -W   conftest.c  >&5
configure:4689: $? = 0
configure:4689: result: yes
configure:4700: checking for unsetenv
configure:4700: gcc -o conftest -g -O2 -Wall -W   conftest.c  >&5
configure:4700: $? = 0
configure:4700: result: yes
configure:4711: checking for utimes
configure:4711: gcc -o conftest -g -O2 -Wall -W   conftest.c  >&5
configure:4711: $? = 0
configure:4711: result: yes
configure:4725: checking for compar_fn_t in stdlib.h
configure:4742: gcc -c -g -O2 -Wall -W  conftest.c >&5
conftest.c: In function 'test_fn':
conftest.c:53:1: warning: null argument where non-null required (argument 1) [-Wnonnull]
 void test_fn(void) { qsort(NULL, 0, 0, (__compar_fn_t)NULL); }
 ^
conftest.c:53:1: warning: null argument where non-null required (argument 4) [-Wnonnull]
configure:4742: $? = 0
configure:4749: result: yes
configure:4836: checking for stdarg.h
configure:4836: gcc -c -g -O2 -Wall -W  conftest.c >&5
configure:4836: $? = 0
configure:4836: result: yes
configure:4836: checking for varargs.h
configure:4836: gcc -c -g -O2 -Wall -W  conftest.c >&5
In file included from conftest.c:85:0:
/usr/lib/gcc/x86_64-linux-gnu/5/include/varargs.h:4:2: error: #error "GCC no longer implements <varargs.h>."
 #error "GCC no longer implements <varargs.h>."
  ^
/usr/lib/gcc/x86_64-linux-gnu/5/include/varargs.h:5:2: error: #error "Revise your code to use <stdarg.h>."
 #error "Revise your code to use <stdarg.h>."
  ^
configure:4836: $? = 1
configure: failed program was:
| /* confdefs.h */
| #define PACKAGE_NAME ""
| #define PACKAGE_TARNAME ""
| #define PACKAGE_VERSION ""
| #define PACKAGE_STRING ""
| #define PACKAGE_BUGREPORT ""
| #define PACKAGE_URL ""
| #define _GNU_SOURCE 1
| #define _NETBSD_SOURCE 1
| #define __BSD_VISIBLE 1
| #define _BSD_TYPES 1
| #define _DARWIN_C_SOURCE 1
| #define _XOPEN_SOURCE 700
| #define _XOPEN_SOURCE_EXTENDED 1
| #define _POSIX_C_SOURCE 200809L
| #define HAVE_DIRENT_H 1
| #define TIME_WITH_SYS_TIME 1
| #define HAVE_SYS_WAIT_H 1
| #define STDC_HEADERS 1
| #define HAVE_SYS_TYPES_H 1
| #define HAVE_SYS_STAT_H 1
| #define HAVE_STDLIB_H 1
| #define HAVE_STRING_H 1
| #define HAVE_MEMORY_H 1
| #define HAVE_STRINGS_H 1
| #define HAVE_INTTYPES_H 1
| #define HAVE_STDINT_H 1
| #define HAVE_UNISTD_H 1
| #define HAVE_LONG_LONG 1
| #define HAVE_CTYPE_H 1
| #define HAVE_PWD_H 1
| #define HAVE_STDLIB_H 1
| #define HAVE_STRING_H 1
| #define HAVE_STRINGS_H 1
| #define HAVE_SYS_TIME_H 1
| #define HAVE_SYS_MMAN_H 1
| #define HAVE_TERMIOS_H 1
| #define HAVE_GETHOSTNAME 1
| #define HAVE_GETOPT_LONG 1
| #define HAVE_GETPWUID 1
| #define HAVE_GETTIMEOFDAY 1
| #define HAVE_MKSTEMP 1
| #define HAVE_REALPATH 1
| #define HAVE_STRNDUP 1
| #define HAVE_STRTOK_R 1
| #define HAVE_UNSETENV 1
| #define HAVE_UTIMES 1
| #define HAVE_COMPAR_FN_T 1
| #define HAVE_STDARG_H 1
| /* end confdefs.h.  */
| #include <stdio.h>
| #ifdef HAVE_SYS_TYPES_H
| # include <sys/types.h>
| #endif
| #ifdef HAVE_SYS_STAT_H
| # include <sys/stat.h>
| #endif
| #ifdef STDC_HEADERS
| # include <stdlib.h>
| # include <stddef.h>
| #else
| # ifdef HAVE_STDLIB_H
| #  include <stdlib.h>
| # endif
| #endif
| #ifdef HAVE_STRING_H
| # if !defined STDC_HEADERS && defined HAVE_MEMORY_H
| #  include <memory.h>
| # endif
| # include <string.h>
| #endif
| #ifdef HAVE_STRINGS_H
| # include <strings.h>
| #endif
| #ifdef HAVE_INTTYPES_H
| # include <inttypes.h>
| #endif
| #ifdef HAVE_STDINT_H
| # include <stdint.h>
| #endif
| #ifdef HAVE_UNISTD_H
| # include <unistd.h>
| #endif
| 
| #include <varargs.h>
configure:4836: result: no
configure:4853: checking for unsigned long long int
configure:4901: result: yes
configure:4910: checking for vsnprintf
configure:4910: gcc -o conftest -g -O2 -Wall -W   conftest.c  >&5
conftest.c:75:6: warning: conflicting types for built-in function 'vsnprintf'
 char vsnprintf ();
      ^
configure:4910: $? = 0
configure:4910: result: yes
configure:4918: checking whether vsnprintf is C99 compliant
configure:4953: gcc -o conftest -g -O2 -Wall -W   conftest.c  >&5
configure:4953: $? = 0
configure:4953: ./conftest
configure:4953: $? = 0
configure:4963: result: yes
configure:5329: checking for snprintf
configure:5329: gcc -o conftest -g -O2 -Wall -W   conftest.c  >&5
conftest.c:76:6: warning: conflicting types for built-in function 'snprintf'
 char snprintf ();
      ^
configure:5329: $? = 0
configure:5329: result: yes
configure:5337: checking whether snprintf is C99 compliant
configure:5360: gcc -o conftest -g -O2 -Wall -W   conftest.c  >&5
configure:5360: $? = 0
configure:5360: ./conftest
configure:5360: $? = 0
configure:5370: result: yes
configure:5485: checking for vasprintf
configure:5485: gcc -o conftest -g -O2 -Wall -W   conftest.c  >&5
configure:5485: $? = 0
configure:5485: result: yes
configure:5695: checking for asprintf
configure:5695: gcc -o conftest -g -O2 -Wall -W   conftest.c  >&5
configure:5695: $? = 0
configure:5695: result: yes
configure:5805: checking for library containing cos
configure:5836: gcc -o conftest -g -O2 -Wall -W   conftest.c  >&5
conftest.c:63:6: warning: conflicting types for built-in function 'cos'
 char cos ();
      ^
/tmp/ccc8VZ6P.o: In function `main':
/root/tmp/ccache/conftest.c:67: undefined reference to `cos'
collect2: error: ld returned 1 exit status
configure:5836: $? = 1
configure: failed program was:
| /* confdefs.h */
| #define PACKAGE_NAME ""
| #define PACKAGE_TARNAME ""
| #define PACKAGE_VERSION ""
| #define PACKAGE_STRING ""
| #define PACKAGE_BUGREPORT ""
| #define PACKAGE_URL ""
| #define _GNU_SOURCE 1
| #define _NETBSD_SOURCE 1
| #define __BSD_VISIBLE 1
| #define _BSD_TYPES 1
| #define _DARWIN_C_SOURCE 1
| #define _XOPEN_SOURCE 700
| #define _XOPEN_SOURCE_EXTENDED 1
| #define _POSIX_C_SOURCE 200809L
| #define HAVE_DIRENT_H 1
| #define TIME_WITH_SYS_TIME 1
| #define HAVE_SYS_WAIT_H 1
| #define STDC_HEADERS 1
| #define HAVE_SYS_TYPES_H 1
| #define HAVE_SYS_STAT_H 1
| #define HAVE_STDLIB_H 1
| #define HAVE_STRING_H 1
| #define HAVE_MEMORY_H 1
| #define HAVE_STRINGS_H 1
| #define HAVE_INTTYPES_H 1
| #define HAVE_STDINT_H 1
| #define HAVE_UNISTD_H 1
| #define HAVE_LONG_LONG 1
| #define HAVE_CTYPE_H 1
| #define HAVE_PWD_H 1
| #define HAVE_STDLIB_H 1
| #define HAVE_STRING_H 1
| #define HAVE_STRINGS_H 1
| #define HAVE_SYS_TIME_H 1
| #define HAVE_SYS_MMAN_H 1
| #define HAVE_TERMIOS_H 1
| #define HAVE_GETHOSTNAME 1
| #define HAVE_GETOPT_LONG 1
| #define HAVE_GETPWUID 1
| #define HAVE_GETTIMEOFDAY 1
| #define HAVE_MKSTEMP 1
| #define HAVE_REALPATH 1
| #define HAVE_STRNDUP 1
| #define HAVE_STRTOK_R 1
| #define HAVE_UNSETENV 1
| #define HAVE_UTIMES 1
| #define HAVE_COMPAR_FN_T 1
| #define HAVE_STDARG_H 1
| #define HAVE_UNSIGNED_LONG_LONG_INT 1
| #define HAVE_VSNPRINTF 1
| #define HAVE_SNPRINTF 1
| #define HAVE_VASPRINTF 1
| #define HAVE_ASPRINTF 1
| /* end confdefs.h.  */
| 
| /* Override any GCC internal prototype to avoid an error.
|    Use char because int might match the return type of a GCC
|    builtin and then its argument prototype would still apply.  */
| #ifdef __cplusplus
| extern "C"
| #endif
| char cos ();
| int
| main ()
| {
| return cos ();
|   ;
|   return 0;
| }
configure:5836: gcc -o conftest -g -O2 -Wall -W   conftest.c -lm   >&5
conftest.c:63:6: warning: conflicting types for built-in function 'cos'
 char cos ();
      ^
configure:5836: $? = 0
configure:5853: result: -lm
configure:5870: checking for zlib >= 1.2.3
configure:5891: gcc -c -g -O2 -Wall -W  conftest.c >&5
configure:5891: $? = 0
configure:5898: result: yes
configure:5900: checking for gzdopen in -lz
configure:5925: gcc -o conftest -g -O2 -Wall -W   conftest.c -lz  -lm  >&5
configure:5925: $? = 0
configure:5934: result: yes
configure:5993: checking whether byte ordering is bigendian
configure:6008: gcc -c -g -O2 -Wall -W  conftest.c >&5
conftest.c:57:9: error: unknown type name 'not'
         not a universal capable compiler
         ^
conftest.c:57:15: error: expected '=', ',', ';', 'asm' or '__attribute__' before 'universal'
         not a universal capable compiler
               ^
conftest.c:57:15: error: unknown type name 'universal'
configure:6008: $? = 1
configure: failed program was:
| /* confdefs.h */
| #define PACKAGE_NAME ""
| #define PACKAGE_TARNAME ""
| #define PACKAGE_VERSION ""
| #define PACKAGE_STRING ""
| #define PACKAGE_BUGREPORT ""
| #define PACKAGE_URL ""
| #define _GNU_SOURCE 1
| #define _NETBSD_SOURCE 1
| #define __BSD_VISIBLE 1
| #define _BSD_TYPES 1
| #define _DARWIN_C_SOURCE 1
| #define _XOPEN_SOURCE 700
| #define _XOPEN_SOURCE_EXTENDED 1
| #define _POSIX_C_SOURCE 200809L
| #define HAVE_DIRENT_H 1
| #define TIME_WITH_SYS_TIME 1
| #define HAVE_SYS_WAIT_H 1
| #define STDC_HEADERS 1
| #define HAVE_SYS_TYPES_H 1
| #define HAVE_SYS_STAT_H 1
| #define HAVE_STDLIB_H 1
| #define HAVE_STRING_H 1
| #define HAVE_MEMORY_H 1
| #define HAVE_STRINGS_H 1
| #define HAVE_INTTYPES_H 1
| #define HAVE_STDINT_H 1
| #define HAVE_UNISTD_H 1
| #define HAVE_LONG_LONG 1
| #define HAVE_CTYPE_H 1
| #define HAVE_PWD_H 1
| #define HAVE_STDLIB_H 1
| #define HAVE_STRING_H 1
| #define HAVE_STRINGS_H 1
| #define HAVE_SYS_TIME_H 1
| #define HAVE_SYS_MMAN_H 1
| #define HAVE_TERMIOS_H 1
| #define HAVE_GETHOSTNAME 1
| #define HAVE_GETOPT_LONG 1
| #define HAVE_GETPWUID 1
| #define HAVE_GETTIMEOFDAY 1
| #define HAVE_MKSTEMP 1
| #define HAVE_REALPATH 1
| #define HAVE_STRNDUP 1
| #define HAVE_STRTOK_R 1
| #define HAVE_UNSETENV 1
| #define HAVE_UTIMES 1
| #define HAVE_COMPAR_FN_T 1
| #define HAVE_STDARG_H 1
| #define HAVE_UNSIGNED_LONG_LONG_INT 1
| #define HAVE_VSNPRINTF 1
| #define HAVE_SNPRINTF 1
| #define HAVE_VASPRINTF 1
| #define HAVE_ASPRINTF 1
| /* end confdefs.h.  */
| #ifndef __APPLE_CC__
| 	       not a universal capable compiler
| 	     #endif
| 	     typedef int dummy;
| 
configure:6053: gcc -c -g -O2 -Wall -W  conftest.c >&5
configure:6053: $? = 0
configure:6071: gcc -c -g -O2 -Wall -W  conftest.c >&5
conftest.c: In function 'main':
conftest.c:63:4: error: unknown type name 'not'
    not big endian
    ^
conftest.c:63:12: error: expected '=', ',', ';', 'asm' or '__attribute__' before 'endian'
    not big endian
            ^
configure:6071: $? = 1
configure: failed program was:
| /* confdefs.h */
| #define PACKAGE_NAME ""
| #define PACKAGE_TARNAME ""
| #define PACKAGE_VERSION ""
| #define PACKAGE_STRING ""
| #define PACKAGE_BUGREPORT ""
| #define PACKAGE_URL ""
| #define _GNU_SOURCE 1
| #define _NETBSD_SOURCE 1
| #define __BSD_VISIBLE 1
| #define _BSD_TYPES 1
| #define _DARWIN_C_SOURCE 1
| #define _XOPEN_SOURCE 700
| #define _XOPEN_SOURCE_EXTENDED 1
| #define _POSIX_C_SOURCE 200809L
| #define HAVE_DIRENT_H 1
| #define TIME_WITH_SYS_TIME 1
| #define HAVE_SYS_WAIT_H 1
| #define STDC_HEADERS 1
| #define HAVE_SYS_TYPES_H 1
| #define HAVE_SYS_STAT_H 1
| #define HAVE_STDLIB_H 1
| #define HAVE_STRING_H 1
| #define HAVE_MEMORY_H 1
| #define HAVE_STRINGS_H 1
| #define HAVE_INTTYPES_H 1
| #define HAVE_STDINT_H 1
| #define HAVE_UNISTD_H 1
| #define HAVE_LONG_LONG 1
| #define HAVE_CTYPE_H 1
| #define HAVE_PWD_H 1
| #define HAVE_STDLIB_H 1
| #define HAVE_STRING_H 1
| #define HAVE_STRINGS_H 1
| #define HAVE_SYS_TIME_H 1
| #define HAVE_SYS_MMAN_H 1
| #define HAVE_TERMIOS_H 1
| #define HAVE_GETHOSTNAME 1
| #define HAVE_GETOPT_LONG 1
| #define HAVE_GETPWUID 1
| #define HAVE_GETTIMEOFDAY 1
| #define HAVE_MKSTEMP 1
| #define HAVE_REALPATH 1
| #define HAVE_STRNDUP 1
| #define HAVE_STRTOK_R 1
| #define HAVE_UNSETENV 1
| #define HAVE_UTIMES 1
| #define HAVE_COMPAR_FN_T 1
| #define HAVE_STDARG_H 1
| #define HAVE_UNSIGNED_LONG_LONG_INT 1
| #define HAVE_VSNPRINTF 1
| #define HAVE_SNPRINTF 1
| #define HAVE_VASPRINTF 1
| #define HAVE_ASPRINTF 1
| /* end confdefs.h.  */
| #include <sys/types.h>
| 		#include <sys/param.h>
| 
| int
| main ()
| {
| #if BYTE_ORDER != BIG_ENDIAN
| 		 not big endian
| 		#endif
| 
|   ;
|   return 0;
| }
configure:6199: result: no
configure:6218: checking for inline
configure:6234: gcc -c -g -O2 -Wall -W  conftest.c >&5
configure:6234: $? = 0
configure:6242: result: inline
configure:6261: checking for extern inline
configure:6283: gcc -c -g -O2 -Wall -W  conftest.c >&5
conftest.c:59:16: error: redefinition of 'foo'
         double foo (double x) { return x + 1.0; };
                ^
conftest.c:58:30: note: previous definition of 'foo' was here
         extern inline double foo(double x) { return x+1.0; };
                              ^
configure:6283: $? = 1
configure: failed program was:
| /* confdefs.h */
| #define PACKAGE_NAME ""
| #define PACKAGE_TARNAME ""
| #define PACKAGE_VERSION ""
| #define PACKAGE_STRING ""
| #define PACKAGE_BUGREPORT ""
| #define PACKAGE_URL ""
| #define _GNU_SOURCE 1
| #define _NETBSD_SOURCE 1
| #define __BSD_VISIBLE 1
| #define _BSD_TYPES 1
| #define _DARWIN_C_SOURCE 1
| #define _XOPEN_SOURCE 700
| #define _XOPEN_SOURCE_EXTENDED 1
| #define _POSIX_C_SOURCE 200809L
| #define HAVE_DIRENT_H 1
| #define TIME_WITH_SYS_TIME 1
| #define HAVE_SYS_WAIT_H 1
| #define STDC_HEADERS 1
| #define HAVE_SYS_TYPES_H 1
| #define HAVE_SYS_STAT_H 1
| #define HAVE_STDLIB_H 1
| #define HAVE_STRING_H 1
| #define HAVE_MEMORY_H 1
| #define HAVE_STRINGS_H 1
| #define HAVE_INTTYPES_H 1
| #define HAVE_STDINT_H 1
| #define HAVE_UNISTD_H 1
| #define HAVE_LONG_LONG 1
| #define HAVE_CTYPE_H 1
| #define HAVE_PWD_H 1
| #define HAVE_STDLIB_H 1
| #define HAVE_STRING_H 1
| #define HAVE_STRINGS_H 1
| #define HAVE_SYS_TIME_H 1
| #define HAVE_SYS_MMAN_H 1
| #define HAVE_TERMIOS_H 1
| #define HAVE_GETHOSTNAME 1
| #define HAVE_GETOPT_LONG 1
| #define HAVE_GETPWUID 1
| #define HAVE_GETTIMEOFDAY 1
| #define HAVE_MKSTEMP 1
| #define HAVE_REALPATH 1
| #define HAVE_STRNDUP 1
| #define HAVE_STRTOK_R 1
| #define HAVE_UNSETENV 1
| #define HAVE_UTIMES 1
| #define HAVE_COMPAR_FN_T 1
| #define HAVE_STDARG_H 1
| #define HAVE_UNSIGNED_LONG_LONG_INT 1
| #define HAVE_VSNPRINTF 1
| #define HAVE_SNPRINTF 1
| #define HAVE_VASPRINTF 1
| #define HAVE_ASPRINTF 1
| /* end confdefs.h.  */
| 
|         extern inline double foo(double x);
|         extern inline double foo(double x) { return x+1.0; };
|         double foo (double x) { return x + 1.0; };
| 
| int
| main ()
| {
| foo(1.0)
|   ;
|   return 0;
| }
configure:6288: result: no
configure:6307: developer mode disabled
configure:6317: checking whether C compiler supports -Wno-implicit-fallthrough
configure:6332: gcc -c -Wno-implicit-fallthrough  conftest.c >&5
configure:6332: $? = 0
configure:6333: result: yes
configure:6463: creating ./config.status

## ---------------------- ##
## Running config.status. ##
## ---------------------- ##

This file was extended by config.status, which was
generated by GNU Autoconf 2.69.  Invocation command line was

  CONFIG_FILES    = 
  CONFIG_HEADERS  = 
  CONFIG_LINKS    = 
  CONFIG_COMMANDS = 
  $ ./config.status 

on 80XL

config.status:858: creating Makefile
config.status:858: creating config.h
configure:7650: now build ccache by running make

## ---------------- ##
## Cache variables. ##
## ---------------- ##

ac_cv_build=x86_64-pc-linux-gnu
ac_cv_c_bigendian=no
ac_cv_c_compiler_clang=no
ac_cv_c_compiler_gnu=yes
ac_cv_c_extern_inline=no
ac_cv_c_inline=inline
ac_cv_env_CC_set=
ac_cv_env_CC_value=
ac_cv_env_CFLAGS_set=
ac_cv_env_CFLAGS_value=
ac_cv_env_CPPFLAGS_set=
ac_cv_env_CPPFLAGS_value=
ac_cv_env_CPP_set=
ac_cv_env_CPP_value=
ac_cv_env_LDFLAGS_set=
ac_cv_env_LDFLAGS_value=
ac_cv_env_LIBS_set=
ac_cv_env_LIBS_value=
ac_cv_env_build_alias_set=
ac_cv_env_build_alias_value=
ac_cv_env_host_alias_set=
ac_cv_env_host_alias_value=
ac_cv_env_target_alias_set=
ac_cv_env_target_alias_value=
ac_cv_func_asprintf=yes
ac_cv_func_gethostname=yes
ac_cv_func_getopt_long=yes
ac_cv_func_getpwuid=yes
ac_cv_func_gettimeofday=yes
ac_cv_func_mkstemp=yes
ac_cv_func_realpath=yes
ac_cv_func_snprintf=yes
ac_cv_func_strndup=yes
ac_cv_func_strtok_r=yes
ac_cv_func_unsetenv=yes
ac_cv_func_utimes=yes
ac_cv_func_vasprintf=yes
ac_cv_func_vsnprintf=yes
ac_cv_header_ctype_h=yes
ac_cv_header_dirent_dirent_h=yes
ac_cv_header_inttypes_h=yes
ac_cv_header_memory_h=yes
ac_cv_header_pwd_h=yes
ac_cv_header_stdarg_h=yes
ac_cv_header_stdc=yes
ac_cv_header_stdint_h=yes
ac_cv_header_stdlib_h=yes
ac_cv_header_string_h=yes
ac_cv_header_strings_h=yes
ac_cv_header_sys_mman_h=yes
ac_cv_header_sys_stat_h=yes
ac_cv_header_sys_time_h=yes
ac_cv_header_sys_types_h=yes
ac_cv_header_sys_wait_h=yes
ac_cv_header_termios_h=yes
ac_cv_header_time=yes
ac_cv_header_unistd_h=yes
ac_cv_header_varargs_h=no
ac_cv_host=x86_64-pc-linux-gnu
ac_cv_lib_z_gzdopen=yes
ac_cv_objext=o
ac_cv_path_EGREP='/bin/grep -E'
ac_cv_path_GREP=/bin/grep
ac_cv_path_ac_pt_BASH=/bin/bash
ac_cv_path_install='/usr/bin/install -c'
ac_cv_prog_CPP='gcc -E'
ac_cv_prog_ac_ct_AR=ar
ac_cv_prog_ac_ct_CC=gcc
ac_cv_prog_ac_ct_RANLIB=ranlib
ac_cv_prog_cc_c89=
ac_cv_prog_cc_c99=
ac_cv_prog_cc_g=yes
ac_cv_search_cos=-lm
ac_cv_search_opendir='none required'
ac_cv_type_long_long=yes
ac_cv_type_unsigned_long_long_int=yes
ccache_cv_COMPAR_FN_T=yes
ccache_cv_zlib_1_2_3=yes
hw_cv_func_asprintf=yes
hw_cv_func_snprintf=yes
hw_cv_func_snprintf_c99=yes
hw_cv_func_vasprintf=yes
hw_cv_func_vsnprintf=yes
hw_cv_func_vsnprintf_c99=yes

## ----------------- ##
## Output variables. ##
## ----------------- ##

AR='ar'
BASH='/bin/bash'
CC='gcc'
CFLAGS='-g -O2 -Wall -W'
CPP='gcc -E'
CPPFLAGS=''
DEFS='-DHAVE_CONFIG_H'
ECHO_C=''
ECHO_N='-n'
ECHO_T=''
EGREP='/bin/grep -E'
EXEEXT=''
GREP='/bin/grep'
INSTALL_DATA='${INSTALL} -m 644'
INSTALL_PROGRAM='${INSTALL}'
INSTALL_SCRIPT='${INSTALL}'
LDFLAGS=''
LIBOBJS=''
LIBS='-lm  -lz'
LTLIBOBJS=''
OBJEXT='o'
PACKAGE_BUGREPORT=''
PACKAGE_NAME=''
PACKAGE_STRING=''
PACKAGE_TARNAME=''
PACKAGE_URL=''
PACKAGE_VERSION=''
PATH_SEPARATOR=':'
RANLIB='ranlib'
SHELL='/bin/bash'
ac_ct_CC='gcc'
bindir='${exec_prefix}/bin'
build='x86_64-pc-linux-gnu'
build_alias=''
build_cpu='x86_64'
build_os='linux-gnu'
build_vendor='pc'
datadir='${datarootdir}'
datarootdir='${prefix}/share'
disable_man=''
docdir='${datarootdir}/doc/${PACKAGE}'
dvidir='${docdir}'
exec_prefix='${prefix}'
extra_libs=''
getopt_long_c=''
host='x86_64-pc-linux-gnu'
host_alias=''
host_cpu='x86_64'
host_os='linux-gnu'
host_vendor='pc'
htmldir='${docdir}'
include_dev_mk=''
includedir='${prefix}/include'
infodir='${datarootdir}/info'
libdir='${exec_prefix}/lib'
libexecdir='${exec_prefix}/libexec'
localedir='${datarootdir}/locale'
localstatedir='${prefix}/var'
mandir='${datarootdir}/man'
no_implicit_fallthrough_warning='-Wno-implicit-fallthrough'
oldincludedir='/usr/include'
pdfdir='${docdir}'
prefix='/usr/local'
program_transform_name='s,x,x,'
psdir='${docdir}'
runstatedir='${localstatedir}/run'
sbindir='${exec_prefix}/sbin'
sharedstatedir='${prefix}/com'
sysconfdir='${prefix}/etc'
target_alias=''
test_suites='unittest/test_args.c unittest/test_argument_processing.c unittest/test_compopt.c unittest/test_conf.c unittest/test_counters.c unittest/test_hash.c unittest/test_hashutil.c unittest/test_lockfile.c unittest/test_stats.c unittest/test_util.c'

## ----------- ##
## confdefs.h. ##
## ----------- ##

/* confdefs.h */
#define PACKAGE_NAME ""
#define PACKAGE_TARNAME ""
#define PACKAGE_VERSION ""
#define PACKAGE_STRING ""
#define PACKAGE_BUGREPORT ""
#define PACKAGE_URL ""
#define _GNU_SOURCE 1
#define _NETBSD_SOURCE 1
#define __BSD_VISIBLE 1
#define _BSD_TYPES 1
#define _DARWIN_C_SOURCE 1
#define _XOPEN_SOURCE 700
#define _XOPEN_SOURCE_EXTENDED 1
#define _POSIX_C_SOURCE 200809L
#define HAVE_DIRENT_H 1
#define TIME_WITH_SYS_TIME 1
#define HAVE_SYS_WAIT_H 1
#define STDC_HEADERS 1
#define HAVE_SYS_TYPES_H 1
#define HAVE_SYS_STAT_H 1
#define HAVE_STDLIB_H 1
#define HAVE_STRING_H 1
#define HAVE_MEMORY_H 1
#define HAVE_STRINGS_H 1
#define HAVE_INTTYPES_H 1
#define HAVE_STDINT_H 1
#define HAVE_UNISTD_H 1
#define HAVE_LONG_LONG 1
#define HAVE_CTYPE_H 1
#define HAVE_PWD_H 1
#define HAVE_STDLIB_H 1
#define HAVE_STRING_H 1
#define HAVE_STRINGS_H 1
#define HAVE_SYS_TIME_H 1
#define HAVE_SYS_MMAN_H 1
#define HAVE_TERMIOS_H 1
#define HAVE_GETHOSTNAME 1
#define HAVE_GETOPT_LONG 1
#define HAVE_GETPWUID 1
#define HAVE_GETTIMEOFDAY 1
#define HAVE_MKSTEMP 1
#define HAVE_REALPATH 1
#define HAVE_STRNDUP 1
#define HAVE_STRTOK_R 1
#define HAVE_UNSETENV 1
#define HAVE_UTIMES 1
#define HAVE_COMPAR_FN_T 1
#define HAVE_STDARG_H 1
#define HAVE_UNSIGNED_LONG_LONG_INT 1
#define HAVE_VSNPRINTF 1
#define HAVE_SNPRINTF 1
#define HAVE_VASPRINTF 1
#define HAVE_ASPRINTF 1

configure: exit 0
